page_tab_library/build/intermediates/manifest_merge_blame_file/debug/manifest-merger-blame-debug-report.txt
1<?xml version="1.0" encoding="utf-8"?>
2<manifest xmlns:android="http://schemas.android.com/apk/res/android"
3    package="com.astuetz.pagerslidingtabstrip" >
4
5    <uses-sdk
6        android:minSdkVersion="17"
6-->techelm-master/page_tab_library/AndroidManifest.xml
7        android:targetSdkVersion="30" />
7-->techelm-master/page_tab_library/AndroidManifest.xml
8
9    <application />
9-->techelm-master/page_tab_library/AndroidManifest.xml:4:5-20
10
11</manifest>